<?xml version="1.0" encoding="UTF-8"?>
<testsuite xmlns:xsi="http://www.w3.org/2001/XMLSchema-instance" xsi:noNamespaceSchemaLocation="https://maven.apache.org/surefire/maven-surefire-plugin/xsd/surefire-test-report-3.0.xsd" version="3.0" name="OrderCalculatorTest" time="0.077" tests="9" errors="0" skipped="0" failures="0">
  <properties>
[...]
</properties>
  <testcase name="testcalculateTotalCostmore5" classname="OrderCalculatorTest" time="0.004"/>
  <testcase name="testapplySpecialOfferDiscount" classname="OrderCalculatorTest" time="0"/>
  <testcase name="testapplySpecialCategorySurcharge" classname="OrderCalculatorTest" time="0"/>
  <testcase name="testcalculateMealCost" classname="OrderCalculatorTest" time="0"/>
  <testcase name="testDiscount2" classname="OrderCalculatorTest" time="0"/>
  <testcase name="testDiscount3" classname="OrderCalculatorTest" time="0"/>
  <testcase name="testDiscount4" classname="OrderCalculatorTest" time="0"/>
  <testcase name="testcalculateTotalCostmore10" classname="OrderCalculatorTest" time="0"/>
  <testcase name="testDiscount" classname="OrderCalculatorTest" time="0.001"/>
</testsuite>